{
  "0 debug pnpm:scope": {
    "selected": 1
  },
  "1 error pnpm": {
    "code": "ELIFECYCLE",
    "errno": "ENOENT",
    "syscall": "spawn",
    "file": "sh",
    "pkgid": "bonsai-pay@0.1.0",
    "stage": "build",
    "script": "tsc && vite build --mode production",
    "pkgname": "bonsai-pay",
    "err": {
      "name": "pnpm",
      "message": "bonsai-pay@0.1.0 build: `tsc && vite build --mode production`\nspawn ENOENT",
      "code": "ELIFECYCLE",
      "stack": "pnpm: bonsai-pay@0.1.0 build: `tsc && vite build --mode production`\nspawn ENOENT\n    at ChildProcess.<anonymous> (/opt/homebrew/lib/node_modules/pnpm/dist/pnpm.cjs:93466:22)\n    at ChildProcess.emit (node:events:513:28)\n    at maybeClose (node:internal/child_process:1091:16)\n    at ChildProcess._handle.onexit (node:internal/child_process:302:5)"
    }
  }
}